<?xml version="1.0" encoding="UTF-8"?>
<testng-results ignored="0" total="5" passed="5" failed="0" skipped="0">
  <reporter-output>
  </reporter-output>
  <suite started-at="2024-06-19T19:03:53 EEST" name="Surefire suite" finished-at="2024-06-19T19:03:59 EEST" duration-ms="6394">
    <groups>
      <group name="cucumber">
        <method signature="AbstractTestNGCucumberTests.runScenario(io.cucumber.testng.PickleWrapper,io.cucumber.testng.FeatureWrapper)[pri:0, instance:cucumber.Options.TestRunner@1534f01b]" name="runScenario" class="io.cucumber.testng.AbstractTestNGCucumberTests"/>
      </group> <!-- cucumber -->
    </groups>
    <test started-at="2024-06-19T19:03:53 EEST" name="Surefire test" finished-at="2024-06-19T19:03:59 EEST" duration-ms="6394">
      <class name="cucumber.Options.TestRunner">
        <test-method is-config="true" signature="setUpClass(org.testng.ITestContext)[pri:0, instance:cucumber.Options.TestRunner@1534f01b]" started-at="2024-06-19T19:03:53 EEST" name="setUpClass" finished-at="2024-06-19T19:03:53 EEST" duration-ms="141" status="PASS">
          <params>
            <param index="0">
              <value>
                <![CDATA[org.testng.TestRunner@5fd18419]]>
              </value>
            </param>
          </params>
          <reporter-output>
          </reporter-output>
        </test-method> <!-- setUpClass -->
        <test-method signature="runScenario(io.cucumber.testng.PickleWrapper,io.cucumber.testng.FeatureWrapper)[pri:0, instance:cucumber.Options.TestRunner@1534f01b]" started-at="2024-06-19T19:03:53 EEST" name="runScenario" description="Runs Cucumber Scenarios" data-provider="scenarios" finished-at="2024-06-19T19:03:55 EEST" duration-ms="2323" status="PASS">
          <params>
            <param index="0">
              <value>
                <![CDATA["Verify if token is successfully created using CreateToken API"]]>
              </value>
            </param>
            <param index="1">
              <value>
                <![CDATA["Validating the restfulBooker APIs"]]>
              </value>
            </param>
          </params>
          <reporter-output>
          </reporter-output>
        </test-method> <!-- runScenario -->
        <test-method signature="runScenario(io.cucumber.testng.PickleWrapper,io.cucumber.testng.FeatureWrapper)[pri:0, instance:cucumber.Options.TestRunner@1534f01b]" started-at="2024-06-19T19:03:55 EEST" name="runScenario" description="Runs Cucumber Scenarios" data-provider="scenarios" finished-at="2024-06-19T19:03:56 EEST" duration-ms="917" status="PASS">
          <params>
            <param index="0">
              <value>
                <![CDATA["Verify if booking is successfully created using CreateBooking API"]]>
              </value>
            </param>
            <param index="1">
              <value>
                <![CDATA["Validating the restfulBooker APIs"]]>
              </value>
            </param>
          </params>
          <reporter-output>
          </reporter-output>
        </test-method> <!-- runScenario -->
        <test-method signature="runScenario(io.cucumber.testng.PickleWrapper,io.cucumber.testng.FeatureWrapper)[pri:0, instance:cucumber.Options.TestRunner@1534f01b]" started-at="2024-06-19T19:03:56 EEST" name="runScenario" description="Runs Cucumber Scenarios" data-provider="scenarios" finished-at="2024-06-19T19:03:57 EEST" duration-ms="738" status="PASS">
          <params>
            <param index="0">
              <value>
                <![CDATA["Verify if specific bookingID data is successfully exists using GetBooking API"]]>
              </value>
            </param>
            <param index="1">
              <value>
                <![CDATA["Validating the restfulBooker APIs"]]>
              </value>
            </param>
          </params>
          <reporter-output>
          </reporter-output>
        </test-method> <!-- runScenario -->
        <test-method signature="runScenario(io.cucumber.testng.PickleWrapper,io.cucumber.testng.FeatureWrapper)[pri:0, instance:cucumber.Options.TestRunner@1534f01b]" started-at="2024-06-19T19:03:57 EEST" name="runScenario" description="Runs Cucumber Scenarios" data-provider="scenarios" finished-at="2024-06-19T19:03:58 EEST" duration-ms="739" status="PASS">
          <params>
            <param index="0">
              <value>
                <![CDATA["Update specific bookingID data and verify if the data is updated successfully"]]>
              </value>
            </param>
            <param index="1">
              <value>
                <![CDATA["Validating the restfulBooker APIs"]]>
              </value>
            </param>
          </params>
          <reporter-output>
          </reporter-output>
        </test-method> <!-- runScenario -->
        <test-method signature="runScenario(io.cucumber.testng.PickleWrapper,io.cucumber.testng.FeatureWrapper)[pri:0, instance:cucumber.Options.TestRunner@1534f01b]" started-at="2024-06-19T19:03:58 EEST" name="runScenario" description="Runs Cucumber Scenarios" data-provider="scenarios" finished-at="2024-06-19T19:03:59 EEST" duration-ms="1370" status="PASS">
          <params>
            <param index="0">
              <value>
                <![CDATA["Delete specific bookingID and verify if the data is deleted successfully"]]>
              </value>
            </param>
            <param index="1">
              <value>
                <![CDATA["Validating the restfulBooker APIs"]]>
              </value>
            </param>
          </params>
          <reporter-output>
          </reporter-output>
        </test-method> <!-- runScenario -->
        <test-method is-config="true" signature="tearDownClass()[pri:0, instance:cucumber.Options.TestRunner@1534f01b]" started-at="2024-06-19T19:03:59 EEST" name="tearDownClass" finished-at="2024-06-19T19:03:59 EEST" duration-ms="137" status="PASS">
          <reporter-output>
          </reporter-output>
        </test-method> <!-- tearDownClass -->
      </class> <!-- cucumber.Options.TestRunner -->
    </test> <!-- Surefire test -->
  </suite> <!-- Surefire suite -->
</testng-results>
