<?xml version="1.0" encoding="UTF-8"?>
<testng-results ignored="0" total="5" passed="5" failed="0" skipped="0">
  <reporter-output>
  </reporter-output>
  <suite started-at="2024-06-19T18:45:43 EEST" name="Default suite" finished-at="2024-06-19T18:45:49 EEST" duration-ms="6015">
    <groups>
      <group name="cucumber">
        <method signature="AbstractTestNGCucumberTests.runScenario(io.cucumber.testng.PickleWrapper,io.cucumber.testng.FeatureWrapper)[pri:0, instance:cucumber.Options.TestRunner@3c46e67a]" name="runScenario" class="io.cucumber.testng.AbstractTestNGCucumberTests"/>
      </group> <!-- cucumber -->
    </groups>
    <test started-at="2024-06-19T18:45:43 EEST" name="Default test" finished-at="2024-06-19T18:45:49 EEST" duration-ms="6015">
      <class name="cucumber.Options.TestRunner">
        <test-method is-config="true" signature="setUpClass(org.testng.ITestContext)[pri:0, instance:cucumber.Options.TestRunner@3c46e67a]" started-at="2024-06-19T18:45:43 EEST" name="setUpClass" finished-at="2024-06-19T18:45:43 EEST" duration-ms="110" status="PASS">
          <params>
            <param index="0">
              <value>
                <![CDATA[org.testng.TestRunner@38d42ab7]]>
              </value>
            </param>
          </params>
          <reporter-output>
          </reporter-output>
        </test-method> <!-- setUpClass -->
        <test-method signature="runScenario(io.cucumber.testng.PickleWrapper,io.cucumber.testng.FeatureWrapper)[pri:0, instance:cucumber.Options.TestRunner@3c46e67a]" started-at="2024-06-19T18:45:43 EEST" name="runScenario" description="Runs Cucumber Scenarios" data-provider="scenarios" finished-at="2024-06-19T18:45:45 EEST" duration-ms="2047" status="PASS">
          <params>
            <param index="0">
              <value>
                <![CDATA["Verify if token is successfully created using CreateToken API"]]>
              </value>
            </param>
            <param index="1">
              <value>
                <![CDATA["Validating the restfulBooker APIs"]]>
              </value>
            </param>
          </params>
          <reporter-output>
          </reporter-output>
        </test-method> <!-- runScenario -->
        <test-method signature="runScenario(io.cucumber.testng.PickleWrapper,io.cucumber.testng.FeatureWrapper)[pri:0, instance:cucumber.Options.TestRunner@3c46e67a]" started-at="2024-06-19T18:45:45 EEST" name="runScenario" description="Runs Cucumber Scenarios" data-provider="scenarios" finished-at="2024-06-19T18:45:46 EEST" duration-ms="874" status="PASS">
          <params>
            <param index="0">
              <value>
                <![CDATA["Verify if booking is successfully created using CreateBooking API"]]>
              </value>
            </param>
            <param index="1">
              <value>
                <![CDATA["Validating the restfulBooker APIs"]]>
              </value>
            </param>
          </params>
          <reporter-output>
          </reporter-output>
        </test-method> <!-- runScenario -->
        <test-method signature="runScenario(io.cucumber.testng.PickleWrapper,io.cucumber.testng.FeatureWrapper)[pri:0, instance:cucumber.Options.TestRunner@3c46e67a]" started-at="2024-06-19T18:45:46 EEST" name="runScenario" description="Runs Cucumber Scenarios" data-provider="scenarios" finished-at="2024-06-19T18:45:47 EEST" duration-ms="740" status="PASS">
          <params>
            <param index="0">
              <value>
                <![CDATA["Verify if specific bookingID data is successfully exists using GetBooking API"]]>
              </value>
            </param>
            <param index="1">
              <value>
                <![CDATA["Validating the restfulBooker APIs"]]>
              </value>
            </param>
          </params>
          <reporter-output>
          </reporter-output>
        </test-method> <!-- runScenario -->
        <test-method signature="runScenario(io.cucumber.testng.PickleWrapper,io.cucumber.testng.FeatureWrapper)[pri:0, instance:cucumber.Options.TestRunner@3c46e67a]" started-at="2024-06-19T18:45:47 EEST" name="runScenario" description="Runs Cucumber Scenarios" data-provider="scenarios" finished-at="2024-06-19T18:45:48 EEST" duration-ms="727" status="PASS">
          <params>
            <param index="0">
              <value>
                <![CDATA["Update specific bookingID data and verify if the data is updated successfully"]]>
              </value>
            </param>
            <param index="1">
              <value>
                <![CDATA["Validating the restfulBooker APIs"]]>
              </value>
            </param>
          </params>
          <reporter-output>
          </reporter-output>
        </test-method> <!-- runScenario -->
        <test-method signature="runScenario(io.cucumber.testng.PickleWrapper,io.cucumber.testng.FeatureWrapper)[pri:0, instance:cucumber.Options.TestRunner@3c46e67a]" started-at="2024-06-19T18:45:48 EEST" name="runScenario" description="Runs Cucumber Scenarios" data-provider="scenarios" finished-at="2024-06-19T18:45:49 EEST" duration-ms="1390" status="PASS">
          <params>
            <param index="0">
              <value>
                <![CDATA["Delete specific bookingID and verify if the data is deleted successfully"]]>
              </value>
            </param>
            <param index="1">
              <value>
                <![CDATA["Validating the restfulBooker APIs"]]>
              </value>
            </param>
          </params>
          <reporter-output>
          </reporter-output>
        </test-method> <!-- runScenario -->
        <test-method is-config="true" signature="tearDownClass()[pri:0, instance:cucumber.Options.TestRunner@3c46e67a]" started-at="2024-06-19T18:45:49 EEST" name="tearDownClass" finished-at="2024-06-19T18:45:49 EEST" duration-ms="100" status="PASS">
          <reporter-output>
          </reporter-output>
        </test-method> <!-- tearDownClass -->
      </class> <!-- cucumber.Options.TestRunner -->
    </test> <!-- Default test -->
  </suite> <!-- Default suite -->
</testng-results>
